[debug] [2022-09-29T09:40:46.223Z] ----------------------------------------------------------------------
[debug] [2022-09-29T09:40:46.225Z] Command:       C:\Program Files\nodejs\node.exe C:\Users\HP\AppData\Roaming\npm\node_modules\firebase-tools\lib\bin\firebase.js emulators:start
[debug] [2022-09-29T09:40:46.225Z] CLI Version:   11.10.0
[debug] [2022-09-29T09:40:46.225Z] Platform:      win32
[debug] [2022-09-29T09:40:46.225Z] Node Version:  v16.15.1
[debug] [2022-09-29T09:40:46.226Z] Time:          Thu Sep 29 2022 12:40:46 GMT+0300 (East Africa Time)
[debug] [2022-09-29T09:40:46.226Z] ----------------------------------------------------------------------
[debug] 
[debug] [2022-09-29T09:40:46.296Z] > command requires scopes: ["email","openid","https://www.googleapis.com/auth/cloudplatformprojects.readonly","https://www.googleapis.com/auth/firebase","https://www.googleapis.com/auth/cloud-platform"]
[debug] [2022-09-29T09:40:46.297Z] > authorizing via signed-in user (ismayito1@gmail.com)
[info] i  emulators: Starting emulators: functions {"metadata":{"emulator":{"name":"hub"},"message":"Starting emulators: functions"}}
[debug] [2022-09-29T09:40:46.324Z] [hub] writing locator at C:\Users\HP\AppData\Local\Temp\hub-clone-4b926.json
[warn] !  functions: The following emulators are not running, calls to these services from the Functions emulator will affect production: auth, firestore, database, hosting, pubsub, storage, eventarc {"metadata":{"emulator":{"name":"functions"},"message":"The following emulators are not running, calls to these services from the Functions emulator will affect production: \u001b[1mauth, firestore, database, hosting, pubsub, storage, eventarc\u001b[22m"}}
[info] +  functions: Using node@16 from host. {"metadata":{"emulator":{"name":"functions"},"message":"Using node@16 from host."}}
[debug] [2022-09-29T09:40:46.368Z] defaultcredentials: writing to file C:\Users\HP\AppData\Roaming\firebase\ismayito1_gmail_com_application_default_credentials.json
[debug] [2022-09-29T09:40:46.370Z] Setting GAC to C:\Users\HP\AppData\Roaming\firebase\ismayito1_gmail_com_application_default_credentials.json {"metadata":{"emulator":{"name":"functions"},"message":"Setting GAC to C:\\Users\\HP\\AppData\\Roaming\\firebase\\ismayito1_gmail_com_application_default_credentials.json"}}
[debug] [2022-09-29T09:40:46.372Z] > refreshing access token with scopes: []
[debug] [2022-09-29T09:40:46.373Z] >>> [apiv2][query] POST https://www.googleapis.com/oauth2/v3/token [none]
[debug] [2022-09-29T09:40:46.374Z] >>> [apiv2][body] POST https://www.googleapis.com/oauth2/v3/token [omitted]
[debug] [2022-09-29T09:40:50.213Z] <<< [apiv2][status] POST https://www.googleapis.com/oauth2/v3/token 200
[debug] [2022-09-29T09:40:50.213Z] <<< [apiv2][body] POST https://www.googleapis.com/oauth2/v3/token [omitted]
[debug] [2022-09-29T09:40:50.230Z] >>> [apiv2][query] GET https://firebase.googleapis.com/v1beta1/projects/clone-4b926/adminSdkConfig [none]
[debug] [2022-09-29T09:40:53.491Z] <<< [apiv2][status] GET https://firebase.googleapis.com/v1beta1/projects/clone-4b926/adminSdkConfig 200
[debug] [2022-09-29T09:40:53.492Z] <<< [apiv2][body] GET https://firebase.googleapis.com/v1beta1/projects/clone-4b926/adminSdkConfig {"projectId":"clone-4b926","storageBucket":"clone-4b926.appspot.com"}
[debug] [2022-09-29T09:40:53.538Z] Ignoring unsupported arg: auto_download {"metadata":{"emulator":{"name":"ui"},"message":"Ignoring unsupported arg: auto_download"}}
[debug] [2022-09-29T09:40:53.538Z] Ignoring unsupported arg: port {"metadata":{"emulator":{"name":"ui"},"message":"Ignoring unsupported arg: port"}}
[debug] [2022-09-29T09:40:53.538Z] Starting Emulator UI with command {"binary":"node","args":["C:\\Users\\HP\\.cache\\firebase\\emulators\\ui-v1.9.0\\server\\server.js"],"optionalArgs":[],"joinArgs":false} {"metadata":{"emulator":{"name":"ui"},"message":"Starting Emulator UI with command {\"binary\":\"node\",\"args\":[\"C:\\\\Users\\\\HP\\\\.cache\\\\firebase\\\\emulators\\\\ui-v1.9.0\\\\server\\\\server.js\"],\"optionalArgs\":[],\"joinArgs\":false}"}}
[info] i  ui: Emulator UI logging to ui-debug.log {"metadata":{"emulator":{"name":"ui"},"message":"Emulator UI logging to \u001b[1mui-debug.log\u001b[22m"}}
[debug] [2022-09-29T09:40:53.713Z] Web / API server started at localhost:4000
 {"metadata":{"emulator":{"name":"ui"},"message":"Web / API server started at localhost:4000\n"}}
[info] i  functions: Watching "C:\Users\HP\Desktop\commerce\amazon-clone\functions" for Cloud Functions... {"metadata":{"emulator":{"name":"functions"},"message":"Watching \"C:\\Users\\HP\\Desktop\\commerce\\amazon-clone\\functions\" for Cloud Functions..."}}
[debug] [2022-09-29T09:40:53.827Z] Validating nodejs source
[debug] [2022-09-29T09:40:59.043Z] > [functions] package.json contents: {
  "name": "functions",
  "description": "Cloud Functions for Firebase",
  "scripts": {
    "lint": "eslint .",
    "serve": "firebase emulators:start --only functions",
    "shell": "firebase functions:shell",
    "start": "npm run shell",
    "deploy": "firebase deploy --only functions",
    "logs": "firebase functions:log"
  },
  "engines": {
    "node": "16"
  },
  "main": "index.js",
  "dependencies": {
    "cors": "^2.8.5",
    "express": "^4.18.1",
    "firebase-admin": "^10.0.2",
    "firebase-functions": "^3.18.0",
    "stripe": "^10.12.0-beta.1"
  },
  "devDependencies": {
    "eslint": "^8.9.0",
    "eslint-config-google": "^0.14.0",
    "firebase-functions-test": "^0.2.0"
  },
  "private": true
}
[debug] [2022-09-29T09:40:59.043Z] Building nodejs source
[debug] [2022-09-29T09:40:59.043Z] Analyzing nodejs backend spec
[debug] [2022-09-29T09:40:59.045Z] Could not find functions.yaml. Must use http discovery
[debug] [2022-09-29T09:40:59.288Z] Serving at port 9005

[debug] [2022-09-29T09:40:59.420Z] Got response from /__/functions.yaml {"endpoints":{"api":{"platform":"gcfv1","httpsTrigger":{},"entryPoint":"api"}},"specVersion":"v1alpha1","requiredAPIs":[]}
[debug] [2022-09-29T09:40:59.430Z] shutdown requested via /__/quitquitquit

[info] +  functions: Loaded functions definitions from source: api. {"metadata":{"emulator":{"name":"functions"},"message":"Loaded functions definitions from source: api."}}
[info] +  functions[us-central1-api]: http function initialized (http://localhost:5001/clone-4b926/us-central1/api). {"metadata":{"emulator":{"name":"functions"},"message":"\u001b[1mhttp\u001b[22m function initialized (http://localhost:5001/clone-4b926/us-central1/api)."}}
[info] 
┌─────────────────────────────────────────────────────────────┐
│ ✔  All emulators ready! It is now safe to connect your app. │
│ i  View Emulator UI at http://localhost:4000                │
└─────────────────────────────────────────────────────────────┘

┌───────────┬────────────────┬─────────────────────────────────┐
│ Emulator  │ Host:Port      │ View in Emulator UI             │
├───────────┼────────────────┼─────────────────────────────────┤
│ Functions │ localhost:5001 │ http://localhost:4000/functions │
└───────────┴────────────────┴─────────────────────────────────┘
  Emulator Hub running at localhost:4400
  Other reserved ports: 4500

Issues? Report them at https://github.com/firebase/firebase-tools/issues and attach the *-debug.log files.
 
[debug] [2022-09-29T09:41:17.723Z] File C:\Users\HP\Desktop\commerce\amazon-clone\functions\index.js changed, reloading triggers {"metadata":{"emulator":{"name":"functions"},"message":"File C:\\Users\\HP\\Desktop\\commerce\\amazon-clone\\functions\\index.js changed, reloading triggers"}}
[debug] [2022-09-29T09:41:18.733Z] Validating nodejs source
[debug] [2022-09-29T09:41:25.097Z] > [functions] package.json contents: {
  "name": "functions",
  "description": "Cloud Functions for Firebase",
  "scripts": {
    "lint": "eslint .",
    "serve": "firebase emulators:start --only functions",
    "shell": "firebase functions:shell",
    "start": "npm run shell",
    "deploy": "firebase deploy --only functions",
    "logs": "firebase functions:log"
  },
  "engines": {
    "node": "16"
  },
  "main": "index.js",
  "dependencies": {
    "cors": "^2.8.5",
    "express": "^4.18.1",
    "firebase-admin": "^10.0.2",
    "firebase-functions": "^3.18.0",
    "stripe": "^10.12.0-beta.1"
  },
  "devDependencies": {
    "eslint": "^8.9.0",
    "eslint-config-google": "^0.14.0",
    "firebase-functions-test": "^0.2.0"
  },
  "private": true
}
[debug] [2022-09-29T09:41:25.098Z] Building nodejs source
[debug] [2022-09-29T09:41:25.098Z] Analyzing nodejs backend spec
[debug] [2022-09-29T09:41:25.098Z] Could not find functions.yaml. Must use http discovery
[debug] [2022-09-29T09:41:25.404Z] Serving at port 9005

[debug] [2022-09-29T09:41:25.633Z] Got response from /__/functions.yaml {"endpoints":{"api":{"platform":"gcfv1","httpsTrigger":{},"entryPoint":"api"}},"specVersion":"v1alpha1","requiredAPIs":[]}
[debug] [2022-09-29T09:41:25.638Z] shutdown requested via /__/quitquitquit

[info] +  functions: Loaded functions definitions from source: api. {"metadata":{"emulator":{"name":"functions"},"message":"Loaded functions definitions from source: api."}}
[debug] [2022-09-29T09:42:27.357Z] [work-queue] {"queueLength":1,"workRunningCount":0}
[debug] [2022-09-29T09:42:27.358Z] [work-queue] {"queueLength":0,"workRunningCount":1}
[debug] [2022-09-29T09:42:27.358Z] Accepted request GET /clone-4b926/us-central1/api --> us-central1-api
[debug] [2022-09-29T09:42:27.363Z] [functions] Runtime ready! Sending request! {"metadata":{"emulator":{"name":"functions"},"message":"[functions] Runtime ready! Sending request!"}}
[debug] [2022-09-29T09:42:27.365Z] [functions] Got req.url=/clone-4b926/us-central1/api, mapping to path=/ {"metadata":{"emulator":{"name":"functions"},"message":"[functions] Got req.url=/clone-4b926/us-central1/api, mapping to path=/"}}
[debug] [2022-09-29T09:42:27.377Z] [worker-pool] addWorker(us-central1-api) {"metadata":{"emulator":{"name":"functions"},"message":"[worker-pool] addWorker(us-central1-api)"}}
[debug] [2022-09-29T09:42:27.378Z] [worker-pool] Adding worker with key us-central1-api, total=1 {"metadata":{"emulator":{"name":"functions"},"message":"[worker-pool] Adding worker with key us-central1-api, total=1"}}
[debug] [2022-09-29T09:42:28.776Z] [runtime-status] [16716] Resolved module firebase-admin {"declared":true,"installed":true,"version":"10.3.0","resolution":"C:\\Users\\HP\\Desktop\\commerce\\amazon-clone\\functions\\node_modules\\firebase-admin\\lib\\index.js"} {"metadata":{"emulator":{"name":"functions"},"function":{"name":"us-central1-api"},"extension":{},"message":"[runtime-status] [16716] Resolved module firebase-admin {\"declared\":true,\"installed\":true,\"version\":\"10.3.0\",\"resolution\":\"C:\\\\Users\\\\HP\\\\Desktop\\\\commerce\\\\amazon-clone\\\\functions\\\\node_modules\\\\firebase-admin\\\\lib\\\\index.js\"}"}}
[debug] [2022-09-29T09:42:28.777Z] [runtime-status] [16716] Resolved module firebase-functions {"declared":true,"installed":true,"version":"3.24.0","resolution":"C:\\Users\\HP\\Desktop\\commerce\\amazon-clone\\functions\\node_modules\\firebase-functions\\lib\\index.js"} {"metadata":{"emulator":{"name":"functions"},"function":{"name":"us-central1-api"},"extension":{},"message":"[runtime-status] [16716] Resolved module firebase-functions {\"declared\":true,\"installed\":true,\"version\":\"3.24.0\",\"resolution\":\"C:\\\\Users\\\\HP\\\\Desktop\\\\commerce\\\\amazon-clone\\\\functions\\\\node_modules\\\\firebase-functions\\\\lib\\\\index.js\"}"}}
[debug] [2022-09-29T09:42:28.778Z] [runtime-status] [16716] Outgoing network have been stubbed. [{"name":"http","status":"mocked"},{"name":"http","status":"mocked"},{"name":"https","status":"mocked"},{"name":"https","status":"mocked"},{"name":"net","status":"mocked"}] {"metadata":{"emulator":{"name":"functions"},"function":{"name":"us-central1-api"},"extension":{},"message":"[runtime-status] [16716] Outgoing network have been stubbed. [{\"name\":\"http\",\"status\":\"mocked\"},{\"name\":\"http\",\"status\":\"mocked\"},{\"name\":\"https\",\"status\":\"mocked\"},{\"name\":\"https\",\"status\":\"mocked\"},{\"name\":\"net\",\"status\":\"mocked\"}]"}}
[debug] [2022-09-29T09:42:28.779Z] [runtime-status] [16716] Resolved module firebase-functions {"declared":true,"installed":true,"version":"3.24.0","resolution":"C:\\Users\\HP\\Desktop\\commerce\\amazon-clone\\functions\\node_modules\\firebase-functions\\lib\\index.js"} {"metadata":{"emulator":{"name":"functions"},"function":{"name":"us-central1-api"},"extension":{},"message":"[runtime-status] [16716] Resolved module firebase-functions {\"declared\":true,\"installed\":true,\"version\":\"3.24.0\",\"resolution\":\"C:\\\\Users\\\\HP\\\\Desktop\\\\commerce\\\\amazon-clone\\\\functions\\\\node_modules\\\\firebase-functions\\\\lib\\\\index.js\"}"}}
[debug] [2022-09-29T09:42:28.835Z] [runtime-status] [16716] Checked functions.config() {"config":{}} {"metadata":{"emulator":{"name":"functions"},"function":{"name":"us-central1-api"},"extension":{},"message":"[runtime-status] [16716] Checked functions.config() {\"config\":{}}"}}
[debug] [2022-09-29T09:42:28.836Z] [runtime-status] [16716] firebase-functions has been stubbed. {"functionsResolution":{"declared":true,"installed":true,"version":"3.24.0","resolution":"C:\\Users\\HP\\Desktop\\commerce\\amazon-clone\\functions\\node_modules\\firebase-functions\\lib\\index.js"}} {"metadata":{"emulator":{"name":"functions"},"function":{"name":"us-central1-api"},"extension":{},"message":"[runtime-status] [16716] firebase-functions has been stubbed. {\"functionsResolution\":{\"declared\":true,\"installed\":true,\"version\":\"3.24.0\",\"resolution\":\"C:\\\\Users\\\\HP\\\\Desktop\\\\commerce\\\\amazon-clone\\\\functions\\\\node_modules\\\\firebase-functions\\\\lib\\\\index.js\"}}"}}
[debug] [2022-09-29T09:42:28.837Z] [runtime-status] [16716] Resolved module firebase-functions {"declared":true,"installed":true,"version":"3.24.0","resolution":"C:\\Users\\HP\\Desktop\\commerce\\amazon-clone\\functions\\node_modules\\firebase-functions\\lib\\index.js"} {"metadata":{"emulator":{"name":"functions"},"function":{"name":"us-central1-api"},"extension":{},"message":"[runtime-status] [16716] Resolved module firebase-functions {\"declared\":true,\"installed\":true,\"version\":\"3.24.0\",\"resolution\":\"C:\\\\Users\\\\HP\\\\Desktop\\\\commerce\\\\amazon-clone\\\\functions\\\\node_modules\\\\firebase-functions\\\\lib\\\\index.js\"}"}}
[debug] [2022-09-29T09:42:28.838Z] [runtime-status] [16716] Resolved module firebase-admin {"declared":true,"installed":true,"version":"10.3.0","resolution":"C:\\Users\\HP\\Desktop\\commerce\\amazon-clone\\functions\\node_modules\\firebase-admin\\lib\\index.js"} {"metadata":{"emulator":{"name":"functions"},"function":{"name":"us-central1-api"},"extension":{},"message":"[runtime-status] [16716] Resolved module firebase-admin {\"declared\":true,\"installed\":true,\"version\":\"10.3.0\",\"resolution\":\"C:\\\\Users\\\\HP\\\\Desktop\\\\commerce\\\\amazon-clone\\\\functions\\\\node_modules\\\\firebase-admin\\\\lib\\\\index.js\"}"}}
[debug] [2022-09-29T09:42:28.839Z] [runtime-status] [16716] Resolved module firebase-functions {"declared":true,"installed":true,"version":"3.24.0","resolution":"C:\\Users\\HP\\Desktop\\commerce\\amazon-clone\\functions\\node_modules\\firebase-functions\\lib\\index.js"} {"metadata":{"emulator":{"name":"functions"},"function":{"name":"us-central1-api"},"extension":{},"message":"[runtime-status] [16716] Resolved module firebase-functions {\"declared\":true,\"installed\":true,\"version\":\"3.24.0\",\"resolution\":\"C:\\\\Users\\\\HP\\\\Desktop\\\\commerce\\\\amazon-clone\\\\functions\\\\node_modules\\\\firebase-functions\\\\lib\\\\index.js\"}"}}
[debug] [2022-09-29T09:42:28.839Z] [runtime-status] [16716] firebase-admin has been stubbed. {"adminResolution":{"declared":true,"installed":true,"version":"10.3.0","resolution":"C:\\Users\\HP\\Desktop\\commerce\\amazon-clone\\functions\\node_modules\\firebase-admin\\lib\\index.js"}} {"metadata":{"emulator":{"name":"functions"},"function":{"name":"us-central1-api"},"extension":{},"message":"[runtime-status] [16716] firebase-admin has been stubbed. {\"adminResolution\":{\"declared\":true,\"installed\":true,\"version\":\"10.3.0\",\"resolution\":\"C:\\\\Users\\\\HP\\\\Desktop\\\\commerce\\\\amazon-clone\\\\functions\\\\node_modules\\\\firebase-admin\\\\lib\\\\index.js\"}}"}}
[debug] [2022-09-29T09:42:29.022Z] [runtime-status] [16716] Functions runtime initialized. {"cwd":"C:\\Users\\HP\\Desktop\\commerce\\amazon-clone\\functions","node_version":"16.15.1"} {"metadata":{"emulator":{"name":"functions"},"function":{"name":"us-central1-api"},"extension":{},"message":"[runtime-status] [16716] Functions runtime initialized. {\"cwd\":\"C:\\\\Users\\\\HP\\\\Desktop\\\\commerce\\\\amazon-clone\\\\functions\",\"node_version\":\"16.15.1\"}"}}
[debug] [2022-09-29T09:42:29.022Z] [runtime-status] [16716] Listening to port: \\?\pipe\fire_emu_bc714046a96448f6 {"metadata":{"emulator":{"name":"functions"},"function":{"name":"us-central1-api"},"extension":{},"message":"[runtime-status] [16716] Listening to port: \\\\?\\pipe\\fire_emu_bc714046a96448f6"}}
[debug] [2022-09-29T09:42:29.028Z] [worker-pool] submitRequest(triggerId=us-central1-api) {"metadata":{"emulator":{"name":"functions"},"message":"[worker-pool] submitRequest(triggerId=us-central1-api)"}}
[debug] [2022-09-29T09:42:29.029Z] [worker-us-central1-api-4ff1f26e-44d1-4a95-a1d4-914a96322c83]: BUSY {"metadata":{"emulator":{"name":"functions"},"message":"[worker-us-central1-api-4ff1f26e-44d1-4a95-a1d4-914a96322c83]: BUSY"}}
[info] i  functions: Beginning execution of "api" {"metadata":{"emulator":{"name":"functions"},"function":{"name":"us-central1-api"},"extension":{},"message":"Beginning execution of \"api\""}}
[debug] [2022-09-29T09:42:29.042Z] [worker-us-central1-api-4ff1f26e-44d1-4a95-a1d4-914a96322c83]: IDLE {"metadata":{"emulator":{"name":"functions"},"message":"[worker-us-central1-api-4ff1f26e-44d1-4a95-a1d4-914a96322c83]: IDLE"}}
[debug] [2022-09-29T09:42:29.043Z] [work-queue] {"queueLength":0,"workRunningCount":0}
[info] i  functions: Finished "api" in 5.4361ms {"metadata":{"emulator":{"name":"functions"},"function":{"name":"us-central1-api"},"extension":{},"message":"Finished \"api\" in 5.4361ms"}}
[debug] [2022-09-29T09:44:09.687Z] [work-queue] {"queueLength":1,"workRunningCount":0}
[debug] [2022-09-29T09:44:09.688Z] [work-queue] {"queueLength":0,"workRunningCount":1}
[debug] [2022-09-29T09:44:09.690Z] Accepted request GET /clone-4b926/us-central1/api --> us-central1-api
[debug] [2022-09-29T09:44:09.697Z] [functions] Runtime ready! Sending request! {"metadata":{"emulator":{"name":"functions"},"message":"[functions] Runtime ready! Sending request!"}}
[debug] [2022-09-29T09:44:09.698Z] [functions] Got req.url=/clone-4b926/us-central1/api, mapping to path=/ {"metadata":{"emulator":{"name":"functions"},"message":"[functions] Got req.url=/clone-4b926/us-central1/api, mapping to path=/"}}
[debug] [2022-09-29T09:44:09.698Z] [worker-pool] submitRequest(triggerId=us-central1-api) {"metadata":{"emulator":{"name":"functions"},"message":"[worker-pool] submitRequest(triggerId=us-central1-api)"}}
[debug] [2022-09-29T09:44:09.698Z] [worker-us-central1-api-4ff1f26e-44d1-4a95-a1d4-914a96322c83]: BUSY {"metadata":{"emulator":{"name":"functions"},"message":"[worker-us-central1-api-4ff1f26e-44d1-4a95-a1d4-914a96322c83]: BUSY"}}
[info] i  functions: Beginning execution of "api" {"metadata":{"emulator":{"name":"functions"},"function":{"name":"us-central1-api"},"extension":{},"message":"Beginning execution of \"api\""}}
[debug] [2022-09-29T09:44:09.704Z] [worker-us-central1-api-4ff1f26e-44d1-4a95-a1d4-914a96322c83]: IDLE {"metadata":{"emulator":{"name":"functions"},"message":"[worker-us-central1-api-4ff1f26e-44d1-4a95-a1d4-914a96322c83]: IDLE"}}
[debug] [2022-09-29T09:44:09.705Z] [work-queue] {"queueLength":0,"workRunningCount":0}
[info] i  functions: Finished "api" in 2.2207ms {"metadata":{"emulator":{"name":"functions"},"function":{"name":"us-central1-api"},"extension":{},"message":"Finished \"api\" in 2.2207ms"}}
[debug] [2022-09-29T09:46:54.769Z] File C:\Users\HP\Desktop\commerce\amazon-clone\functions\index.js changed, reloading triggers {"metadata":{"emulator":{"name":"functions"},"message":"File C:\\Users\\HP\\Desktop\\commerce\\amazon-clone\\functions\\index.js changed, reloading triggers"}}
[debug] [2022-09-29T09:46:55.062Z] File C:\Users\HP\Desktop\commerce\amazon-clone\functions\index.js changed, reloading triggers {"metadata":{"emulator":{"name":"functions"},"message":"File C:\\Users\\HP\\Desktop\\commerce\\amazon-clone\\functions\\index.js changed, reloading triggers"}}
[debug] [2022-09-29T09:46:55.265Z] File C:\Users\HP\Desktop\commerce\amazon-clone\functions\index.js changed, reloading triggers {"metadata":{"emulator":{"name":"functions"},"message":"File C:\\Users\\HP\\Desktop\\commerce\\amazon-clone\\functions\\index.js changed, reloading triggers"}}
[debug] [2022-09-29T09:46:55.431Z] File C:\Users\HP\Desktop\commerce\amazon-clone\functions\index.js changed, reloading triggers {"metadata":{"emulator":{"name":"functions"},"message":"File C:\\Users\\HP\\Desktop\\commerce\\amazon-clone\\functions\\index.js changed, reloading triggers"}}
[debug] [2022-09-29T09:46:56.448Z] Validating nodejs source
[debug] [2022-09-29T09:47:03.195Z] > [functions] package.json contents: {
  "name": "functions",
  "description": "Cloud Functions for Firebase",
  "scripts": {
    "lint": "eslint .",
    "serve": "firebase emulators:start --only functions",
    "shell": "firebase functions:shell",
    "start": "npm run shell",
    "deploy": "firebase deploy --only functions",
    "logs": "firebase functions:log"
  },
  "engines": {
    "node": "16"
  },
  "main": "index.js",
  "dependencies": {
    "cors": "^2.8.5",
    "express": "^4.18.1",
    "firebase-admin": "^10.0.2",
    "firebase-functions": "^3.18.0",
    "stripe": "^10.12.0-beta.1"
  },
  "devDependencies": {
    "eslint": "^8.9.0",
    "eslint-config-google": "^0.14.0",
    "firebase-functions-test": "^0.2.0"
  },
  "private": true
}
[debug] [2022-09-29T09:47:03.195Z] Building nodejs source
[debug] [2022-09-29T09:47:03.196Z] Analyzing nodejs backend spec
[debug] [2022-09-29T09:47:03.200Z] Could not find functions.yaml. Must use http discovery
[debug] [2022-09-29T09:47:03.519Z] Serving at port 9005

[debug] [2022-09-29T09:47:03.654Z] Got response from /__/functions.yaml {"endpoints":{"api":{"platform":"gcfv1","httpsTrigger":{},"entryPoint":"api"}},"specVersion":"v1alpha1","requiredAPIs":[]}
[debug] [2022-09-29T09:47:03.659Z] shutdown requested via /__/quitquitquit

[info] +  functions: Loaded functions definitions from source: api. {"metadata":{"emulator":{"name":"functions"},"message":"Loaded functions definitions from source: api."}}
[debug] [2022-09-29T09:47:03.680Z] [worker-pool] Shutting down IDLE worker (us-central1-api) {"metadata":{"emulator":{"name":"functions"},"message":"[worker-pool] Shutting down IDLE worker (us-central1-api)"}}
[debug] [2022-09-29T09:47:03.680Z] [worker-us-central1-api-4ff1f26e-44d1-4a95-a1d4-914a96322c83]: FINISHING {"metadata":{"emulator":{"name":"functions"},"message":"[worker-us-central1-api-4ff1f26e-44d1-4a95-a1d4-914a96322c83]: FINISHING"}}
[debug] [2022-09-29T09:47:03.690Z] [worker-us-central1-api-4ff1f26e-44d1-4a95-a1d4-914a96322c83]: exited {"metadata":{"emulator":{"name":"functions"},"message":"[worker-us-central1-api-4ff1f26e-44d1-4a95-a1d4-914a96322c83]: exited"}}
[debug] [2022-09-29T09:47:03.690Z] [worker-us-central1-api-4ff1f26e-44d1-4a95-a1d4-914a96322c83]: FINISHED {"metadata":{"emulator":{"name":"functions"},"message":"[worker-us-central1-api-4ff1f26e-44d1-4a95-a1d4-914a96322c83]: FINISHED"}}
[debug] [2022-09-29T09:47:51.207Z] File C:\Users\HP\Desktop\commerce\amazon-clone\functions\index.js changed, reloading triggers {"metadata":{"emulator":{"name":"functions"},"message":"File C:\\Users\\HP\\Desktop\\commerce\\amazon-clone\\functions\\index.js changed, reloading triggers"}}
[debug] [2022-09-29T09:47:52.216Z] Validating nodejs source
[debug] [2022-09-29T09:47:57.108Z] > [functions] package.json contents: {
  "name": "functions",
  "description": "Cloud Functions for Firebase",
  "scripts": {
    "lint": "eslint .",
    "serve": "firebase emulators:start --only functions",
    "shell": "firebase functions:shell",
    "start": "npm run shell",
    "deploy": "firebase deploy --only functions",
    "logs": "firebase functions:log"
  },
  "engines": {
    "node": "16"
  },
  "main": "index.js",
  "dependencies": {
    "cors": "^2.8.5",
    "express": "^4.18.1",
    "firebase-admin": "^10.0.2",
    "firebase-functions": "^3.18.0",
    "stripe": "^10.12.0-beta.1"
  },
  "devDependencies": {
    "eslint": "^8.9.0",
    "eslint-config-google": "^0.14.0",
    "firebase-functions-test": "^0.2.0"
  },
  "private": true
}
[debug] [2022-09-29T09:47:57.108Z] Building nodejs source
[debug] [2022-09-29T09:47:57.109Z] Analyzing nodejs backend spec
[debug] [2022-09-29T09:47:57.109Z] Could not find functions.yaml. Must use http discovery
[debug] [2022-09-29T09:47:57.423Z] Serving at port 9005

[debug] [2022-09-29T09:47:57.558Z] Got response from /__/functions.yaml {"endpoints":{"api":{"platform":"gcfv1","httpsTrigger":{},"entryPoint":"api"}},"specVersion":"v1alpha1","requiredAPIs":[]}
[debug] [2022-09-29T09:47:57.565Z] shutdown requested via /__/quitquitquit

[info] +  functions: Loaded functions definitions from source: api. {"metadata":{"emulator":{"name":"functions"},"message":"Loaded functions definitions from source: api."}}
